<?xml version="1.0" encoding="UTF-8"?>
<!-- Generated by org.testng.reporters.JUnitReportReporter -->
<testsuite skipped="0" hostname="DESKTOP-DU6PGIA" name="jsonproject.NewTest" tests="1" failures="0" timestamp="31 May 2021 02:15:40 GMT" time="0.037" errors="0">
  <testcase name="f" time="0.037" classname="jsonproject.NewTest"/>
</testsuite> <!-- jsonproject.NewTest -->
